INFO-FLOW: Workspace C:/Users/p221t801/AppData/Roaming/Xilinx/Vivado/cnn_4_forward_pass/solution1 opened at Tue Apr 04 13:34:14 -0500 2023
Execute     config_clock -quiet -name default -period 10 -default=false 
INFO: [SYN 201-201] Setting up clock 'default' with a period of 10ns.
WARNING: [HLS 200-40] Cannot find library 'C:/Xilinx/Vivado/2019.1/common/technology/xilinx/zynquplusRFSOC/zynquplusRFSOC.lib'.
WARNING: [HLS 200-40] Cannot find library 'xilinx/zynquplusRFSOC/zynquplusRFSOC'.
Execute     open_platform DefaultPlatform 
Execute     import_lib C:/Xilinx/Vivado/2019.1/common/technology/xilinx/zynquplus/zynquplus 
Execute       source C:/Xilinx/Vivado/2019.1/common/technology/xilinx/common/xilinx.lib 
Execute         source C:/Xilinx/Vivado/2019.1/common/technology/xilinx/interface/xilinx_interface.lib 
Execute           source C:/Xilinx/Vivado/2019.1/common/technology/xilinx/interface/plb46.lib 
Execute           source C:/Xilinx/Vivado/2019.1/common/technology/xilinx/interface/fsl.lib 
Execute           source C:/Xilinx/Vivado/2019.1/common/technology/xilinx/interface/axi4.lib 
Execute           source C:/Xilinx/Vivado/2019.1/common/technology/xilinx/interface/maxi.lib 
Execute           source C:/Xilinx/Vivado/2019.1/common/technology/xilinx/interface/saxilite.lib 
Execute         source C:/Xilinx/Vivado/2019.1/common/technology/xilinx/common/dsp48.lib 
Execute         source C:/Xilinx/Vivado/2019.1/common/technology/xilinx/ip/dds_compiler.lib 
Execute         source C:/Xilinx/Vivado/2019.1/common/technology/xilinx/ip/xfft.lib 
Execute         source C:/Xilinx/Vivado/2019.1/common/technology/xilinx/ip/xfir.lib 
Execute       source C:/Xilinx/Vivado/2019.1/common/technology/xilinx/common/xilinx.hlp 
Execute         source C:/Xilinx/Vivado/2019.1/common/technology/xilinx/common/target_info.tcl 
Execute         source C:/Xilinx/Vivado/2019.1/common/technology/xilinx/interface/xilinx_interface.hlp 
Execute           source C:/Xilinx/Vivado/2019.1/common/technology/xilinx/interface/maxi.hlp 
Execute           source C:/Xilinx/Vivado/2019.1/common/technology/xilinx/interface/saxilite.hlp 
Execute         source C:/Xilinx/Vivado/2019.1/common/technology/xilinx/common/dsp48.hlp 
Execute       source C:/Xilinx/Vivado/2019.1/common/technology/xilinx/zynquplus/dsp48e2.hlp 
Execute       source C:/Xilinx/Vivado/2019.1/common/technology/xilinx/common/xilinx.hlp 
Execute         source C:/Xilinx/Vivado/2019.1/common/technology/xilinx/common/target_info.tcl 
Execute         source C:/Xilinx/Vivado/2019.1/common/technology/xilinx/interface/xilinx_interface.hlp 
Execute           source C:/Xilinx/Vivado/2019.1/common/technology/xilinx/interface/maxi.hlp 
Execute           source C:/Xilinx/Vivado/2019.1/common/technology/xilinx/interface/saxilite.hlp 
Execute         source C:/Xilinx/Vivado/2019.1/common/technology/xilinx/common/dsp48.hlp 
Execute     source C:/Xilinx/Vivado/2019.1/common/technology/xilinx/zynquplus/zynquplus.gen 
Execute       source C:/Xilinx/Vivado/2019.1/common/technology/xilinx/common/xilinx.gen 
Execute         source C:/Xilinx/Vivado/2019.1/common/technology/xilinx/interface/plb46.gen 
Execute         source C:/Xilinx/Vivado/2019.1/common/technology/xilinx/interface/fsl.gen 
Execute         source C:/Xilinx/Vivado/2019.1/common/technology/xilinx/interface/axi4.gen 
Execute         source C:/Xilinx/Vivado/2019.1/common/technology/xilinx/interface/nativeAXI4.gen 
Execute           source C:/Xilinx/Vivado/2019.1/common/technology/xilinx/interface/saxilite.gen 
Execute           source C:/Xilinx/Vivado/2019.1/common/technology/xilinx/interface/maxi.gen 
Execute         source C:/Xilinx/Vivado/2019.1/common/technology/xilinx/scripts/xilinxcoregen.gen 
Execute         source C:/Xilinx/Vivado/2019.1/common/technology/xilinx/interface/XilEDKCoreGen.gen 
Execute         source C:/Xilinx/Vivado/2019.1/common/technology/xilinx/ip/dds_compiler.gen 
Execute         source C:/Xilinx/Vivado/2019.1/common/technology/xilinx/ip/util.gen 
Execute         source C:/Xilinx/Vivado/2019.1/common/technology/xilinx/ip/xfft.gen 
Execute         source C:/Xilinx/Vivado/2019.1/common/technology/xilinx/ip/xfir.gen 
Execute         source C:/Xilinx/Vivado/2019.1/common/technology/xilinx/common/dsp48.gen 
Command       ap_source done; 0.136 sec.
Command     ap_source done; 0.136 sec.
Execute     open_platform DefaultPlatform 
Execute     import_lib C:/Xilinx/Vivado/2019.1/common/technology/xilinx/zynquplus/zynquplus_fpv7 
Execute       source C:/Xilinx/Vivado/2019.1/common/technology/xilinx/common/xilinx_fp.lib 
Execute       source C:/Xilinx/Vivado/2019.1/common/technology/xilinx/common/xilinx_fp.hlp 
Execute         source C:/Xilinx/Vivado/2019.1/common/technology/xilinx/common/xilinx.hlp 
Execute           source C:/Xilinx/Vivado/2019.1/common/technology/xilinx/common/target_info.tcl 
Execute           source C:/Xilinx/Vivado/2019.1/common/technology/xilinx/interface/xilinx_interface.hlp 
Execute             source C:/Xilinx/Vivado/2019.1/common/technology/xilinx/interface/maxi.hlp 
Execute             source C:/Xilinx/Vivado/2019.1/common/technology/xilinx/interface/saxilite.hlp 
Execute           source C:/Xilinx/Vivado/2019.1/common/technology/xilinx/common/dsp48.hlp 
Execute     source C:/Xilinx/Vivado/2019.1/common/technology/xilinx/zynquplus/zynquplus_fpv7.gen 
Execute       source C:/Xilinx/Vivado/2019.1/common/technology/xilinx/common/xilinx_fp.gen 
Execute     set_part xczu28dr-ffvg1517-2-e 
Execute       ap_part_info -name xczu28dr-ffvg1517-2-e -data single -quiet 
Command       ap_part_info done; 0.849 sec.
Execute       ap_part_info -name xczu28dr-ffvg1517-2-e -data info 
Execute       add_library xilinx/zynquplus/zynquplus:xczu28dr:-ffvg1517:-2-e 
Execute         get_default_platform 
Execute         license_isbetapart xczu28dr 
Command         license_isbetapart done; error code: 1; 
Execute         open_platform DefaultPlatform 
Execute         import_lib C:/Xilinx/Vivado/2019.1/common/technology/xilinx/zynquplus/zynquplus 
Execute           source C:/Xilinx/Vivado/2019.1/common/technology/xilinx/common/xilinx.lib 
Execute             source C:/Xilinx/Vivado/2019.1/common/technology/xilinx/interface/xilinx_interface.lib 
Execute               source C:/Xilinx/Vivado/2019.1/common/technology/xilinx/interface/plb46.lib 
Execute               source C:/Xilinx/Vivado/2019.1/common/technology/xilinx/interface/fsl.lib 
Execute               source C:/Xilinx/Vivado/2019.1/common/technology/xilinx/interface/axi4.lib 
Execute               source C:/Xilinx/Vivado/2019.1/common/technology/xilinx/interface/maxi.lib 
Execute               source C:/Xilinx/Vivado/2019.1/common/technology/xilinx/interface/saxilite.lib 
Execute             source C:/Xilinx/Vivado/2019.1/common/technology/xilinx/common/dsp48.lib 
Execute             source C:/Xilinx/Vivado/2019.1/common/technology/xilinx/ip/dds_compiler.lib 
Execute             source C:/Xilinx/Vivado/2019.1/common/technology/xilinx/ip/xfft.lib 
Execute             source C:/Xilinx/Vivado/2019.1/common/technology/xilinx/ip/xfir.lib 
Execute           source C:/Xilinx/Vivado/2019.1/common/technology/xilinx/common/xilinx.hlp 
Execute             source C:/Xilinx/Vivado/2019.1/common/technology/xilinx/common/target_info.tcl 
Execute             source C:/Xilinx/Vivado/2019.1/common/technology/xilinx/interface/xilinx_interface.hlp 
Execute               source C:/Xilinx/Vivado/2019.1/common/technology/xilinx/interface/maxi.hlp 
Execute               source C:/Xilinx/Vivado/2019.1/common/technology/xilinx/interface/saxilite.hlp 
Execute             source C:/Xilinx/Vivado/2019.1/common/technology/xilinx/common/dsp48.hlp 
Execute           source C:/Xilinx/Vivado/2019.1/common/technology/xilinx/zynquplus/dsp48e2.hlp 
Execute           source C:/Xilinx/Vivado/2019.1/common/technology/xilinx/common/xilinx.hlp 
Execute             source C:/Xilinx/Vivado/2019.1/common/technology/xilinx/common/target_info.tcl 
Execute             source C:/Xilinx/Vivado/2019.1/common/technology/xilinx/interface/xilinx_interface.hlp 
Execute               source C:/Xilinx/Vivado/2019.1/common/technology/xilinx/interface/maxi.hlp 
Execute               source C:/Xilinx/Vivado/2019.1/common/technology/xilinx/interface/saxilite.hlp 
Execute             source C:/Xilinx/Vivado/2019.1/common/technology/xilinx/common/dsp48.hlp 
Execute         source C:/Xilinx/Vivado/2019.1/common/technology/xilinx/zynquplus/zynquplus.gen 
Execute           source C:/Xilinx/Vivado/2019.1/common/technology/xilinx/common/xilinx.gen 
Execute             source C:/Xilinx/Vivado/2019.1/common/technology/xilinx/interface/plb46.gen 
Execute             source C:/Xilinx/Vivado/2019.1/common/technology/xilinx/interface/fsl.gen 
Execute             source C:/Xilinx/Vivado/2019.1/common/technology/xilinx/interface/axi4.gen 
Execute             source C:/Xilinx/Vivado/2019.1/common/technology/xilinx/interface/nativeAXI4.gen 
Execute               source C:/Xilinx/Vivado/2019.1/common/technology/xilinx/interface/saxilite.gen 
Execute               source C:/Xilinx/Vivado/2019.1/common/technology/xilinx/interface/maxi.gen 
Execute             source C:/Xilinx/Vivado/2019.1/common/technology/xilinx/scripts/xilinxcoregen.gen 
Execute             source C:/Xilinx/Vivado/2019.1/common/technology/xilinx/interface/XilEDKCoreGen.gen 
Execute             source C:/Xilinx/Vivado/2019.1/common/technology/xilinx/ip/dds_compiler.gen 
Execute             source C:/Xilinx/Vivado/2019.1/common/technology/xilinx/ip/util.gen 
Execute             source C:/Xilinx/Vivado/2019.1/common/technology/xilinx/ip/xfft.gen 
Execute             source C:/Xilinx/Vivado/2019.1/common/technology/xilinx/ip/xfir.gen 
Execute             source C:/Xilinx/Vivado/2019.1/common/technology/xilinx/common/dsp48.gen 
Command           ap_source done; 0.123 sec.
Command         ap_source done; 0.123 sec.
Execute         ap_part_info -data single -name xczu28dr-ffvg1517-2-e 
Execute         ap_part_info -name xczu28dr-ffvg1517-2-e -data resources 
Execute         ap_part_info -name xczu28dr-ffvg1517-2-e -data info 
Execute         ap_part_info -name xczu28dr-ffvg1517-2-e -data info 
Execute         config_chip_info -quiet -resource {SLICE 53160} {LUT 425280} {FF 850560} {DSP48E 4272} {BRAM 2160} {URAM 80} 
Execute         ap_part_info -name xczu28dr-ffvg1517-2-e -data info 
Execute         config_chip_info -quiet -speed medium 
Command       add_library done; 0.168 sec.
Execute       add_library xilinx/zynquplus/zynquplus_fpv7 
Execute         get_default_platform 
Execute         open_platform DefaultPlatform 
Execute         import_lib C:/Xilinx/Vivado/2019.1/common/technology/xilinx/zynquplus/zynquplus_fpv7 
Execute           source C:/Xilinx/Vivado/2019.1/common/technology/xilinx/common/xilinx_fp.lib 
Execute           source C:/Xilinx/Vivado/2019.1/common/technology/xilinx/common/xilinx_fp.hlp 
Execute             source C:/Xilinx/Vivado/2019.1/common/technology/xilinx/common/xilinx.hlp 
Execute               source C:/Xilinx/Vivado/2019.1/common/technology/xilinx/common/target_info.tcl 
Execute               source C:/Xilinx/Vivado/2019.1/common/technology/xilinx/interface/xilinx_interface.hlp 
Execute                 source C:/Xilinx/Vivado/2019.1/common/technology/xilinx/interface/maxi.hlp 
Execute                 source C:/Xilinx/Vivado/2019.1/common/technology/xilinx/interface/saxilite.hlp 
Execute               source C:/Xilinx/Vivado/2019.1/common/technology/xilinx/common/dsp48.hlp 
Execute         source C:/Xilinx/Vivado/2019.1/common/technology/xilinx/zynquplus/zynquplus_fpv7.gen 
Execute           source C:/Xilinx/Vivado/2019.1/common/technology/xilinx/common/xilinx_fp.gen 
INFO: [HLS 200-10] Setting target device to 'xczu28dr-ffvg1517-2-e'
Execute       ap_part_info -name xczu28dr-ffvg1517-2-e -data info 
Execute       get_default_platform 
Command     set_part done; 1.12 sec.
Execute     ap_part_info -data single -name xczu28dr-ffvg1517-2-e 
Execute     ap_part_info -name xczu28dr-ffvg1517-2-e -data resources 
Execute     ap_part_info -name xczu28dr-ffvg1517-2-e -data info 
Execute     ap_part_info -name xczu28dr-ffvg1517-2-e -data info 
Execute     config_chip_info -quiet -resource {SLICE 53160} {LUT 425280} {FF 850560} {DSP48E 4272} {BRAM 2160} {URAM 80} 
Execute     ap_part_info -name xczu28dr-ffvg1517-2-e -data info 
Execute     config_chip_info -quiet -speed medium 
Command   open_solution done; 1.317 sec.
Execute   set_part xczu28dr-ffvg1517-2-e -tool vivado 
Execute     ap_part_info -name xczu28dr-ffvg1517-2-e -data single -quiet 
Execute     ap_part_info -name xczu28dr-ffvg1517-2-e -data info 
Execute     add_library xilinx/zynquplus/zynquplus:xczu28dr:-ffvg1517:-2-e 
Execute       get_default_platform 
Execute       license_isbetapart xczu28dr 
Command       license_isbetapart done; error code: 1; 
Execute       open_platform DefaultPlatform 
Execute       import_lib C:/Xilinx/Vivado/2019.1/common/technology/xilinx/zynquplus/zynquplus 
Execute         source C:/Xilinx/Vivado/2019.1/common/technology/xilinx/common/xilinx.lib 
Execute           source C:/Xilinx/Vivado/2019.1/common/technology/xilinx/interface/xilinx_interface.lib 
Execute             source C:/Xilinx/Vivado/2019.1/common/technology/xilinx/interface/plb46.lib 
Execute             source C:/Xilinx/Vivado/2019.1/common/technology/xilinx/interface/fsl.lib 
Execute             source C:/Xilinx/Vivado/2019.1/common/technology/xilinx/interface/axi4.lib 
Execute             source C:/Xilinx/Vivado/2019.1/common/technology/xilinx/interface/maxi.lib 
Execute             source C:/Xilinx/Vivado/2019.1/common/technology/xilinx/interface/saxilite.lib 
Execute           source C:/Xilinx/Vivado/2019.1/common/technology/xilinx/common/dsp48.lib 
Execute           source C:/Xilinx/Vivado/2019.1/common/technology/xilinx/ip/dds_compiler.lib 
Execute           source C:/Xilinx/Vivado/2019.1/common/technology/xilinx/ip/xfft.lib 
Execute           source C:/Xilinx/Vivado/2019.1/common/technology/xilinx/ip/xfir.lib 
Execute         source C:/Xilinx/Vivado/2019.1/common/technology/xilinx/common/xilinx.hlp 
Execute           source C:/Xilinx/Vivado/2019.1/common/technology/xilinx/common/target_info.tcl 
Execute           source C:/Xilinx/Vivado/2019.1/common/technology/xilinx/interface/xilinx_interface.hlp 
Execute             source C:/Xilinx/Vivado/2019.1/common/technology/xilinx/interface/maxi.hlp 
Execute             source C:/Xilinx/Vivado/2019.1/common/technology/xilinx/interface/saxilite.hlp 
Execute           source C:/Xilinx/Vivado/2019.1/common/technology/xilinx/common/dsp48.hlp 
Execute         source C:/Xilinx/Vivado/2019.1/common/technology/xilinx/zynquplus/dsp48e2.hlp 
Execute         source C:/Xilinx/Vivado/2019.1/common/technology/xilinx/common/xilinx.hlp 
Execute           source C:/Xilinx/Vivado/2019.1/common/technology/xilinx/common/target_info.tcl 
Execute           source C:/Xilinx/Vivado/2019.1/common/technology/xilinx/interface/xilinx_interface.hlp 
Execute             source C:/Xilinx/Vivado/2019.1/common/technology/xilinx/interface/maxi.hlp 
Execute             source C:/Xilinx/Vivado/2019.1/common/technology/xilinx/interface/saxilite.hlp 
Execute           source C:/Xilinx/Vivado/2019.1/common/technology/xilinx/common/dsp48.hlp 
Execute       source C:/Xilinx/Vivado/2019.1/common/technology/xilinx/zynquplus/zynquplus.gen 
Execute         source C:/Xilinx/Vivado/2019.1/common/technology/xilinx/common/xilinx.gen 
Execute           source C:/Xilinx/Vivado/2019.1/common/technology/xilinx/interface/plb46.gen 
Execute           source C:/Xilinx/Vivado/2019.1/common/technology/xilinx/interface/fsl.gen 
Execute           source C:/Xilinx/Vivado/2019.1/common/technology/xilinx/interface/axi4.gen 
Execute           source C:/Xilinx/Vivado/2019.1/common/technology/xilinx/interface/nativeAXI4.gen 
Execute             source C:/Xilinx/Vivado/2019.1/common/technology/xilinx/interface/saxilite.gen 
Execute             source C:/Xilinx/Vivado/2019.1/common/technology/xilinx/interface/maxi.gen 
Execute           source C:/Xilinx/Vivado/2019.1/common/technology/xilinx/scripts/xilinxcoregen.gen 
Execute           source C:/Xilinx/Vivado/2019.1/common/technology/xilinx/interface/XilEDKCoreGen.gen 
Execute           source C:/Xilinx/Vivado/2019.1/common/technology/xilinx/ip/dds_compiler.gen 
Execute           source C:/Xilinx/Vivado/2019.1/common/technology/xilinx/ip/util.gen 
Execute           source C:/Xilinx/Vivado/2019.1/common/technology/xilinx/ip/xfft.gen 
Execute           source C:/Xilinx/Vivado/2019.1/common/technology/xilinx/ip/xfir.gen 
Execute           source C:/Xilinx/Vivado/2019.1/common/technology/xilinx/common/dsp48.gen 
Command         ap_source done; 0.123 sec.
Command       ap_source done; 0.124 sec.
Execute       ap_part_info -data single -name xczu28dr-ffvg1517-2-e 
Execute       ap_part_info -name xczu28dr-ffvg1517-2-e -data resources 
Execute       ap_part_info -name xczu28dr-ffvg1517-2-e -data info 
Execute       ap_part_info -name xczu28dr-ffvg1517-2-e -data info 
Execute       config_chip_info -quiet -resource {SLICE 53160} {LUT 425280} {FF 850560} {DSP48E 4272} {BRAM 2160} {URAM 80} 
Execute       ap_part_info -name xczu28dr-ffvg1517-2-e -data info 
Execute       config_chip_info -quiet -speed medium 
Command     add_library done; 0.298 sec.
Execute     add_library xilinx/zynquplus/zynquplus_fpv7 
Execute       get_default_platform 
Execute       open_platform DefaultPlatform 
Execute       import_lib C:/Xilinx/Vivado/2019.1/common/technology/xilinx/zynquplus/zynquplus_fpv7 
Execute         source C:/Xilinx/Vivado/2019.1/common/technology/xilinx/common/xilinx_fp.lib 
Execute         source C:/Xilinx/Vivado/2019.1/common/technology/xilinx/common/xilinx_fp.hlp 
Execute           source C:/Xilinx/Vivado/2019.1/common/technology/xilinx/common/xilinx.hlp 
Execute             source C:/Xilinx/Vivado/2019.1/common/technology/xilinx/common/target_info.tcl 
Execute             source C:/Xilinx/Vivado/2019.1/common/technology/xilinx/interface/xilinx_interface.hlp 
Execute               source C:/Xilinx/Vivado/2019.1/common/technology/xilinx/interface/maxi.hlp 
Execute               source C:/Xilinx/Vivado/2019.1/common/technology/xilinx/interface/saxilite.hlp 
Execute             source C:/Xilinx/Vivado/2019.1/common/technology/xilinx/common/dsp48.hlp 
Execute       source C:/Xilinx/Vivado/2019.1/common/technology/xilinx/zynquplus/zynquplus_fpv7.gen 
Execute         source C:/Xilinx/Vivado/2019.1/common/technology/xilinx/common/xilinx_fp.gen 
Execute     ap_part_info -name xczu28dr-ffvg1517-2-e -data info 
Execute     get_default_platform 
Command   set_part done; 0.395 sec.
Execute   create_clock -period 10 -name default 
Execute   csynth_design 
Execute     get_config_compile -dump_cfg 
Execute     get_config_compile -effort 
Execute     get_config_compile -enable_clang39 
Execute     get_config_compile -g 
Execute     get_config_compile -ng 
Execute     get_config_compile -opt_fp 
Execute     get_config_compile -skip_cdt 
Execute     get_config_compile -skip_syncheck 
Execute     get_config_compile -skip_transform 
Execute     get_config_compile -keep_printf 
Execute     elaborate -effort=medium -skip_syncheck=0 -keep_printf=0 -skip_cdt=0 -skip_transform=0 -ng=0 -g=0 -opt_fp=0 -from_csynth_design=1 
Execute       get_config_schedule -relax_ii_for_timing 
INFO: [SCHED 204-61] Option 'relax_ii_for_timing' is enabled, will increase II to preserve clock frequency constraints.
Execute       get_config_schedule -suppress_dependence_error_break 
INFO: [HLS 200-10] Analyzing design file 'cnn_4_forward_pass/forward_pass.cpp' ... 
INFO-FLOW: Compiling one TU...
Execute       is_m_axi_addr64 
INFO-FLOW: Handling cnn_4_forward_pass/forward_pass.cpp as C++
Execute       ap_part_info -name xczu28dr-ffvg1517-2-e -data info 
Execute       is_encrypted cnn_4_forward_pass/forward_pass.cpp 
Execute       ap_part_info -name xczu28dr-ffvg1517-2-e -data info 
INFO-FLOW: Running: GCC PP
INFO-FLOW: Source preprocessing
Execute       clang  -fno-limit-debug-info -gcc-toolchain "C:/Xilinx/Vivado/2019.1/msys" -hls  -fno-exceptions  -D__llvm__  -E "cnn_4_forward_pass/forward_pass.cpp"     -fno-math-errno -c -emit-llvm -O0  -mllvm -disable-llvm-optzns -fno-threadsafe-statics  -fno-use-cxa-atexit  -fno-threadsafe-statics -fno-use-cxa-atexit -D__CLANG_3_1__ -D__cdecl= -DAESL_SYN -D__SYNTHESIS__ -D__HLS_SYN__ -I "C:/Xilinx/Vivado/2019.1/common/technology/autopilot" -I "C:/Xilinx/Vivado/2019.1/common/technology/autopilot/ap_sysc" -include etc/autopilot_ssdm_op.h -D__DSP48E2__  -o "C:/Users/p221t801/AppData/Roaming/Xilinx/Vivado/cnn_4_forward_pass/solution1/.autopilot/db/forward_pass.pp.0.cpp" 
INFO-FLOW: exec C:/Xilinx/Vivado/2019.1/win64/tools/clang/bin/clang -fno-limit-debug-info -gcc-toolchain C:/Xilinx/Vivado/2019.1/msys -hls -fno-exceptions -D__llvm__ -E cnn_4_forward_pass/forward_pass.cpp -fno-math-errno -c -emit-llvm -O0 -mllvm -disable-llvm-optzns -fno-threadsafe-statics -fno-use-cxa-atexit -fno-threadsafe-statics -fno-use-cxa-atexit -D__CLANG_3_1__ -D__cdecl= -DAESL_SYN -D__SYNTHESIS__ -D__HLS_SYN__ -I C:/Xilinx/Vivado/2019.1/common/technology/autopilot -I C:/Xilinx/Vivado/2019.1/common/technology/autopilot/ap_sysc -include etc/autopilot_ssdm_op.h -D__DSP48E2__ -o C:/Users/p221t801/AppData/Roaming/Xilinx/Vivado/cnn_4_forward_pass/solution1/.autopilot/db/forward_pass.pp.0.cpp
Command       clang done; 1.151 sec.
Execute       tidy_31 xilinx-xfmat-array-geometry C:/Users/p221t801/AppData/Roaming/Xilinx/Vivado/cnn_4_forward_pass/solution1/.autopilot/db/forward_pass.pp.0.cpp std=gnu++98 
INFO-FLOW: exec C:/Xilinx/Vivado/2019.1/win64/tools/clang-3.9-csynth/bin/tidy-3.1 -header-filter=.* -checks=-*,xilinx-xfmat-array-geometry -quiet -fix C:/Users/p221t801/AppData/Roaming/Xilinx/Vivado/cnn_4_forward_pass/solution1/.autopilot/db/forward_pass.pp.0.cpp -- -std=gnu++98 -fhls -ferror-limit=0
Command       tidy_31 done; 0.199 sec.
INFO-FLOW: Syntax Checking before pre-processing...
Execute       clang -syntaxcheck -src C:/Users/p221t801/AppData/Roaming/Xilinx/Vivado/cnn_4_forward_pass/solution1/.autopilot/db/forward_pass.pp.0.cpp  -fno-limit-debug-info -gcc-toolchain "C:/Xilinx/Vivado/2019.1/msys" -hls    -fno-math-errno -c -emit-llvm -O0  -mllvm -disable-llvm-optzns -fno-threadsafe-statics  -fno-use-cxa-atexit  -fno-threadsafe-statics -fno-use-cxa-atexit -D__CLANG_3_1__ -D__cdecl= -DAESL_SYN -D__SYNTHESIS__ -D__HLS_SYN__ -I "C:/Xilinx/Vivado/2019.1/common/technology/autopilot" -I "C:/Xilinx/Vivado/2019.1/common/technology/autopilot/ap_sysc" -include etc/autopilot_ssdm_op.h -D__DSP48E2__  "C:/Users/p221t801/AppData/Roaming/Xilinx/Vivado/cnn_4_forward_pass/solution1/.autopilot/db/forward_pass.pp.0.cpp"  -o "C:/Users/p221t801/AppData/Roaming/Xilinx/Vivado/cnn_4_forward_pass/solution1/.autopilot/db/useless.bc"  
INFO-FLOW: exec C:/Xilinx/Vivado/2019.1/win64/tools/clang/bin/clang -fno-limit-debug-info -gcc-toolchain C:/Xilinx/Vivado/2019.1/msys -hls -fno-math-errno -c -emit-llvm -O0 -mllvm -disable-llvm-optzns -fno-threadsafe-statics -fno-use-cxa-atexit -fno-threadsafe-statics -fno-use-cxa-atexit -D__CLANG_3_1__ -D__cdecl= -DAESL_SYN -D__SYNTHESIS__ -D__HLS_SYN__ -I C:/Xilinx/Vivado/2019.1/common/technology/autopilot -I C:/Xilinx/Vivado/2019.1/common/technology/autopilot/ap_sysc -include etc/autopilot_ssdm_op.h -D__DSP48E2__ C:/Users/p221t801/AppData/Roaming/Xilinx/Vivado/cnn_4_forward_pass/solution1/.autopilot/db/forward_pass.pp.0.cpp -o C:/Users/p221t801/AppData/Roaming/Xilinx/Vivado/cnn_4_forward_pass/solution1/.autopilot/db/useless.bc
WARNING: [HLS 200-40] In file included from cnn_4_forward_pass/forward_pass.cpp:1:
In file included from cnn_4_forward_pass/forward_pass.cpp:1:
In file included from cnn_4_forward_pass/forward_pass.hpp:9:
cnn_4_forward_pass/FFT.hpp:54:9: warning: generalized initializer lists are a C++11 extension [-Wc++11-extensions]
 return {real, imag};
        ^~~~~~~~~~~~
1 warning generated.
Command       clang done; 1.21 sec.
INFO-FLOW: Done: GCC PP time: 2.6 seconds per iteration
Execute       source C:/Xilinx/Vivado/2019.1/tps/tcl/tcllib1.11.1/yaml/huddle.tcl 
Execute       source C:/Xilinx/Vivado/2019.1/tps/tcl/tcllib1.11.1/yaml/json2huddle.tcl 
Execute         source C:/Xilinx/Vivado/2019.1/tps/tcl/tcllib1.11.1/try/try.tcl 
Execute       list_core -type functional_unit 
Execute       tidy_31 xilinx-systemc-detector C:/Users/p221t801/AppData/Roaming/Xilinx/Vivado/cnn_4_forward_pass/solution1/.autopilot/db/forward_pass.pp.0.cpp std=gnu++98 -directive=C:/Users/p221t801/AppData/Roaming/Xilinx/Vivado/cnn_4_forward_pass/solution1/.autopilot/db/.systemc_flag 
INFO-FLOW: exec C:/Xilinx/Vivado/2019.1/win64/tools/clang-3.9-csynth/bin/tidy-3.1 -header-filter=.* -checks=-*,xilinx-systemc-detector -import-directive=C:/Users/p221t801/AppData/Roaming/Xilinx/Vivado/cnn_4_forward_pass/solution1/.autopilot/db/.systemc_flag -quiet -fix-errors C:/Users/p221t801/AppData/Roaming/Xilinx/Vivado/cnn_4_forward_pass/solution1/.autopilot/db/forward_pass.pp.0.cpp -- -std=gnu++98 -fhls -ferror-limit=0
Command       tidy_31 done; 0.167 sec.
INFO-FLOW: Running: tidy-3.1 CDT preprocess
Execute       tidy_31 xilinx-directive2pragma C:/Users/p221t801/AppData/Roaming/Xilinx/Vivado/cnn_4_forward_pass/solution1/.autopilot/db/forward_pass.pp.0.cpp std=gnu++98 -directive=C:/Users/p221t801/AppData/Roaming/Xilinx/Vivado/cnn_4_forward_pass/solution1/.autopilot/db/all.directive.json 
INFO-FLOW: exec C:/Xilinx/Vivado/2019.1/win64/tools/clang-3.9-csynth/bin/tidy-3.1 -header-filter=.* -checks=-*,xilinx-directive2pragma -import-directive=C:/Users/p221t801/AppData/Roaming/Xilinx/Vivado/cnn_4_forward_pass/solution1/.autopilot/db/all.directive.json -quiet -fix-errors C:/Users/p221t801/AppData/Roaming/Xilinx/Vivado/cnn_4_forward_pass/solution1/.autopilot/db/forward_pass.pp.0.cpp -- -std=gnu++98 -fhls -ferror-limit=0
Command       tidy_31 done; 0.165 sec.
Execute       get_config_dataflow -strict_mode 
Execute       ap_eval exec -ignorestderr C:/Xilinx/Vivado/2019.1/win64/tools/clang-3.9-csynth/bin/xilinx-dataflow-lawyer -export-fixes=C:/Users/p221t801/AppData/Roaming/Xilinx/Vivado/cnn_4_forward_pass/solution1/.autopilot/db/xilinx-dataflow-lawyer.forward_pass.pp.0.cpp.diag.yml C:/Users/p221t801/AppData/Roaming/Xilinx/Vivado/cnn_4_forward_pass/solution1/.autopilot/db/forward_pass.pp.0.cpp -- -std=gnu++98 -fhls -ferror-limit=0 -fstrict-dataflow > C:/Users/p221t801/AppData/Roaming/Xilinx/Vivado/cnn_4_forward_pass/solution1/.autopilot/db/xilinx-dataflow-lawyer.forward_pass.pp.0.cpp.out.log 2> C:/Users/p221t801/AppData/Roaming/Xilinx/Vivado/cnn_4_forward_pass/solution1/.autopilot/db/xilinx-dataflow-lawyer.forward_pass.pp.0.cpp.err.log 
Command       ap_eval done; 0.11 sec.
Execute       tidy_31 -errorcheck xilinx-constantarray-param,xilinx-resource-pragma-transformer,xilinx-xfmat-array-geometry C:/Users/p221t801/AppData/Roaming/Xilinx/Vivado/cnn_4_forward_pass/solution1/.autopilot/db/forward_pass.pp.0.cpp std=gnu++98 
Execute         ap_eval exec -ignorestderr C:/Xilinx/Vivado/2019.1/win64/tools/clang-3.9-csynth/bin/tidy-3.1 -export-fixes=C:/Users/p221t801/AppData/Roaming/Xilinx/Vivado/cnn_4_forward_pass/solution1/.autopilot/db/tidy-3.1.forward_pass.pp.0.cpp.diag.yml -header-filter=.* -checks=-*,xilinx-constantarray-param,xilinx-resource-pragma-transformer,xilinx-xfmat-array-geometry -quiet -fix-errors C:/Users/p221t801/AppData/Roaming/Xilinx/Vivado/cnn_4_forward_pass/solution1/.autopilot/db/forward_pass.pp.0.cpp -- -std=gnu++98 -fhls -ferror-limit=0 > C:/Users/p221t801/AppData/Roaming/Xilinx/Vivado/cnn_4_forward_pass/solution1/.autopilot/db/tidy-3.1.forward_pass.pp.0.cpp.out.log 2> C:/Users/p221t801/AppData/Roaming/Xilinx/Vivado/cnn_4_forward_pass/solution1/.autopilot/db/tidy-3.1.forward_pass.pp.0.cpp.err.log 
Command         ap_eval done; 0.338 sec.
Execute         source C:/Xilinx/Vivado/2019.1/tps/tcl/tcllib1.11.1/yaml/yaml.tcl 
Execute           source C:/Xilinx/Vivado/2019.1/tps/tcl/tcllib1.11.1/cmdline/cmdline.tcl 
Execute         ap_eval exec -ignorestderr C:/Xilinx/Vivado/2019.1/win64/tools/clang-3.9-csynth/bin/xilinx-legacy-rewriter C:/Users/p221t801/AppData/Roaming/Xilinx/Vivado/cnn_4_forward_pass/solution1/.autopilot/db/forward_pass.pp.0.cpp -- -std=gnu++98 -fhls -ferror-limit=0 > C:/Users/p221t801/AppData/Roaming/Xilinx/Vivado/cnn_4_forward_pass/solution1/.autopilot/db/xilinx-legacy-rewriter.forward_pass.pp.0.cpp.out.log 2> C:/Users/p221t801/AppData/Roaming/Xilinx/Vivado/cnn_4_forward_pass/solution1/.autopilot/db/xilinx-legacy-rewriter.forward_pass.pp.0.cpp.err.log 
Command         ap_eval done; 0.107 sec.
Command       tidy_31 done; 0.481 sec.
INFO-FLOW: Done: tidy-3.1 CDT preprocess time: 0.8 seconds per iteration
INFO-FLOW: Pragma Handling...
Execute       tidy_31 xilinx-ssdm-intrinsics-arguments C:/Users/p221t801/AppData/Roaming/Xilinx/Vivado/cnn_4_forward_pass/solution1/.autopilot/db/forward_pass.pragma.1.cpp std=gnu++98 
INFO-FLOW: exec C:/Xilinx/Vivado/2019.1/win64/tools/clang-3.9-csynth/bin/tidy-3.1 -header-filter=.* -checks=-*,xilinx-ssdm-intrinsics-arguments -quiet -fix-errors C:/Users/p221t801/AppData/Roaming/Xilinx/Vivado/cnn_4_forward_pass/solution1/.autopilot/db/forward_pass.pragma.1.cpp -- -std=gnu++98 -fhls -ferror-limit=0
Command       tidy_31 done; 0.195 sec.
Execute       ap_part_info -name xczu28dr-ffvg1517-2-e -data info 
INFO-FLOW: Processing labels
Execute       clang -src C:/Users/p221t801/AppData/Roaming/Xilinx/Vivado/cnn_4_forward_pass/solution1/.autopilot/db/forward_pass.pragma.2.cpp  -fno-limit-debug-info -gcc-toolchain C:/Xilinx/Vivado/2019.1/msys -hls -hls-analyze-label -hls-analyze-pragma -fno-exceptions  -D__llvm__  -w  "C:/Users/p221t801/AppData/Roaming/Xilinx/Vivado/cnn_4_forward_pass/solution1/.autopilot/db/forward_pass.pragma.2.cpp"    -fno-math-errno -c -emit-llvm -O0  -mllvm -disable-llvm-optzns -fno-threadsafe-statics  -fno-use-cxa-atexit -DAESL_SYN -D__SYNTHESIS__ -D__HLS_SYN__ -I "C:/Xilinx/Vivado/2019.1/common/technology/autopilot" -I "C:/Xilinx/Vivado/2019.1/common/technology/autopilot/ap_sysc" -include etc/autopilot_ssdm_op.h -D__DSP48E2__ -g -o "C:/Users/p221t801/AppData/Roaming/Xilinx/Vivado/cnn_4_forward_pass/solution1/.autopilot/db/forward_pass.bc" 
INFO-FLOW: exec C:/Xilinx/Vivado/2019.1/win64/tools/clang/bin/clang -fno-limit-debug-info -gcc-toolchain C:/Xilinx/Vivado/2019.1/msys -hls -hls-analyze-label -hls-analyze-pragma -fno-exceptions -D__llvm__ -w C:/Users/p221t801/AppData/Roaming/Xilinx/Vivado/cnn_4_forward_pass/solution1/.autopilot/db/forward_pass.pragma.2.cpp -fno-math-errno -c -emit-llvm -O0 -mllvm -disable-llvm-optzns -fno-threadsafe-statics -fno-use-cxa-atexit -DAESL_SYN -D__SYNTHESIS__ -D__HLS_SYN__ -I C:/Xilinx/Vivado/2019.1/common/technology/autopilot -I C:/Xilinx/Vivado/2019.1/common/technology/autopilot/ap_sysc -include etc/autopilot_ssdm_op.h -D__DSP48E2__ -g -o C:/Users/p221t801/AppData/Roaming/Xilinx/Vivado/cnn_4_forward_pass/solution1/.autopilot/db/forward_pass.bc
Command       clang done; 1.328 sec.
INFO: [HLS 200-10] Analyzing design file 'cnn_4_forward_pass/FFT.cpp' ... 
INFO-FLOW: Compiling one TU...
Execute       is_m_axi_addr64 
INFO-FLOW: Handling cnn_4_forward_pass/FFT.cpp as C++
Execute       ap_part_info -name xczu28dr-ffvg1517-2-e -data info 
Execute       is_encrypted cnn_4_forward_pass/FFT.cpp 
Execute       ap_part_info -name xczu28dr-ffvg1517-2-e -data info 
INFO-FLOW: Running: GCC PP
INFO-FLOW: Source preprocessing
Execute       clang  -fno-limit-debug-info -gcc-toolchain "C:/Xilinx/Vivado/2019.1/msys" -hls  -fno-exceptions  -D__llvm__  -E "cnn_4_forward_pass/FFT.cpp"     -fno-math-errno -c -emit-llvm -O0  -mllvm -disable-llvm-optzns -fno-threadsafe-statics  -fno-use-cxa-atexit  -fno-threadsafe-statics -fno-use-cxa-atexit -D__CLANG_3_1__ -D__cdecl= -DAESL_SYN -D__SYNTHESIS__ -D__HLS_SYN__ -I "C:/Xilinx/Vivado/2019.1/common/technology/autopilot" -I "C:/Xilinx/Vivado/2019.1/common/technology/autopilot/ap_sysc" -include etc/autopilot_ssdm_op.h -D__DSP48E2__  -o "C:/Users/p221t801/AppData/Roaming/Xilinx/Vivado/cnn_4_forward_pass/solution1/.autopilot/db/FFT.pp.0.cpp" 
INFO-FLOW: exec C:/Xilinx/Vivado/2019.1/win64/tools/clang/bin/clang -fno-limit-debug-info -gcc-toolchain C:/Xilinx/Vivado/2019.1/msys -hls -fno-exceptions -D__llvm__ -E cnn_4_forward_pass/FFT.cpp -fno-math-errno -c -emit-llvm -O0 -mllvm -disable-llvm-optzns -fno-threadsafe-statics -fno-use-cxa-atexit -fno-threadsafe-statics -fno-use-cxa-atexit -D__CLANG_3_1__ -D__cdecl= -DAESL_SYN -D__SYNTHESIS__ -D__HLS_SYN__ -I C:/Xilinx/Vivado/2019.1/common/technology/autopilot -I C:/Xilinx/Vivado/2019.1/common/technology/autopilot/ap_sysc -include etc/autopilot_ssdm_op.h -D__DSP48E2__ -o C:/Users/p221t801/AppData/Roaming/Xilinx/Vivado/cnn_4_forward_pass/solution1/.autopilot/db/FFT.pp.0.cpp
Command       clang done; 1.263 sec.
Execute       tidy_31 xilinx-xfmat-array-geometry C:/Users/p221t801/AppData/Roaming/Xilinx/Vivado/cnn_4_forward_pass/solution1/.autopilot/db/FFT.pp.0.cpp std=gnu++98 
INFO-FLOW: exec C:/Xilinx/Vivado/2019.1/win64/tools/clang-3.9-csynth/bin/tidy-3.1 -header-filter=.* -checks=-*,xilinx-xfmat-array-geometry -quiet -fix C:/Users/p221t801/AppData/Roaming/Xilinx/Vivado/cnn_4_forward_pass/solution1/.autopilot/db/FFT.pp.0.cpp -- -std=gnu++98 -fhls -ferror-limit=0
Command       tidy_31 done; 0.202 sec.
INFO-FLOW: Syntax Checking before pre-processing...
Execute       clang -syntaxcheck -src C:/Users/p221t801/AppData/Roaming/Xilinx/Vivado/cnn_4_forward_pass/solution1/.autopilot/db/FFT.pp.0.cpp  -fno-limit-debug-info -gcc-toolchain "C:/Xilinx/Vivado/2019.1/msys" -hls    -fno-math-errno -c -emit-llvm -O0  -mllvm -disable-llvm-optzns -fno-threadsafe-statics  -fno-use-cxa-atexit  -fno-threadsafe-statics -fno-use-cxa-atexit -D__CLANG_3_1__ -D__cdecl= -DAESL_SYN -D__SYNTHESIS__ -D__HLS_SYN__ -I "C:/Xilinx/Vivado/2019.1/common/technology/autopilot" -I "C:/Xilinx/Vivado/2019.1/common/technology/autopilot/ap_sysc" -include etc/autopilot_ssdm_op.h -D__DSP48E2__  "C:/Users/p221t801/AppData/Roaming/Xilinx/Vivado/cnn_4_forward_pass/solution1/.autopilot/db/FFT.pp.0.cpp"  -o "C:/Users/p221t801/AppData/Roaming/Xilinx/Vivado/cnn_4_forward_pass/solution1/.autopilot/db/useless.bc"  
INFO-FLOW: exec C:/Xilinx/Vivado/2019.1/win64/tools/clang/bin/clang -fno-limit-debug-info -gcc-toolchain C:/Xilinx/Vivado/2019.1/msys -hls -fno-math-errno -c -emit-llvm -O0 -mllvm -disable-llvm-optzns -fno-threadsafe-statics -fno-use-cxa-atexit -fno-threadsafe-statics -fno-use-cxa-atexit -D__CLANG_3_1__ -D__cdecl= -DAESL_SYN -D__SYNTHESIS__ -D__HLS_SYN__ -I C:/Xilinx/Vivado/2019.1/common/technology/autopilot -I C:/Xilinx/Vivado/2019.1/common/technology/autopilot/ap_sysc -include etc/autopilot_ssdm_op.h -D__DSP48E2__ C:/Users/p221t801/AppData/Roaming/Xilinx/Vivado/cnn_4_forward_pass/solution1/.autopilot/db/FFT.pp.0.cpp -o C:/Users/p221t801/AppData/Roaming/Xilinx/Vivado/cnn_4_forward_pass/solution1/.autopilot/db/useless.bc
ERROR: [HLS 200-70] Compilation errors found: In file included from cnn_4_forward_pass/FFT.cpp:1:
In file included from cnn_4_forward_pass/FFT.cpp:1:
cnn_4_forward_pass/FFT.hpp:54:9: warning: generalized initializer lists are a C++11 extension [-Wc++11-extensions]
 return {real, imag};
        ^~~~~~~~~~~~
In file included from cnn_4_forward_pass/FFT.cpp:1:
cnn_4_forward_pass/FFT.cpp:46:2: error: no matching function for call to 'transpose2d'
 transpose2d(real_x, real_t1);
 ^~~~~~~~~~~
cnn_4_forward_pass/FFT.hpp:43:6: note: candidate function not viable: requires 1 argument, but 2 were provided
void transpose2d (float x[512][512]);
     ^
In file included from cnn_4_forward_pass/FFT.cpp:1:
cnn_4_forward_pass/FFT.cpp:47:2: error: no matching function for call to 'transpose2d'
 transpose2d(imag_x, imag_t1);
 ^~~~~~~~~~~
cnn_4_forward_pass/FFT.hpp:43:6: note: candidate function not viable: requires 1 argument, but 2 were provided
void transpose2d (float x[512][512]);
     ^
In file included from cnn_4_forward_pass/FFT.cpp:1:
cnn_4_forward_pass/FFT.cpp:53:2: error: no matching function for call to 'transpose2d'
 transpose2d(real_y, real_t1);
 ^~~~~~~~~~~
cnn_4_forward_pass/FFT.hpp:43:6: note: candidate function not viable: requires 1 argument, but 2 were provided
void transpose2d (float x[512][512]);
     ^
In file included from cnn_4_forward_pass/FFT.cpp:1:
cnn_4_forward_pass/FFT.cpp:54:2: error: no matching function for call to 'transpose2d'
 transpose2d(imag_y, imag_t1);
 ^~~~~~~~~~~
cnn_4_forward_pass/FFT.hpp:43:6: note: candidate function not viable: requires 1 argument, but 2 were provided
void transpose2d (float x[512][512]);
     ^
In file included from cnn_4_forward_pass/FFT.cpp:1:
cnn_4_forward_pass/FFT.cpp:70:2: error: no matching function for call to 'transpose2d'
 transpose2d(real_x, real_t1);
 ^~~~~~~~~~~
cnn_4_forward_pass/FFT.hpp:43:6: note: candidate function not viable: requires 1 argument, but 2 were provided
void transpose2d (float x[512][512]);
     ^
In file included from cnn_4_forward_pass/FFT.cpp:1:
cnn_4_forward_pass/FFT.cpp:71:2: error: no matching function for call to 'transpose2d'
 transpose2d(imag_x, imag_t1);
 ^~~~~~~~~~~
cnn_4_forward_pass/FFT.hpp:43:6: note: candidate function not viable: requires 1 argument, but 2 were provided
void transpose2d (float x[512][512]);
     ^
In file included from cnn_4_forward_pass/FFT.cpp:1:
cnn_4_forward_pass/FFT.cpp:77:2: error: no matching function for call to 'transpose2d'
 transpose2d(real_y, real_t1);
 ^~~~~~~~~~~
cnn_4_forward_pass/FFT.hpp:43:6: note: candidate function not viable: requires 1 argument, but 2 were provided
void transpose2d (float x[512][512]);
     ^
In file included from cnn_4_forward_pass/FFT.cpp:1:
cnn_4_forward_pass/FFT.cpp:78:2: error: no matching function for call to 'transpose2d'
 transpose2d(imag_y, imag_t1);
 ^~~~~~~~~~~
cnn_4_forward_pass/FFT.hpp:43:6: note: candidate function not viable: requires 1 argument, but 2 were provided
void transpose2d (float x[512][512]);
     ^
1 warning and 8 errors generated.
Command       clang done; error code: 2; 1.295 sec.
Command     elaborate done; error code: 2; 7.983 sec.
Command   csynth_design done; error code: 2; 7.995 sec.
Command ap_source done; error code: 1; 9.734 sec.
Execute cleanup_all 
